2025-09-10 07:46:17 | INFO | __main__:165 | PARAMETERS: folder_list = ['csv', 'excel', 'json'], prefix = 'output-'
2025-09-10 07:46:17.948 | INFO     | __main__:create_prefixed_folders_using_list_comprehension:165 - PARAMETERS: folder_list = ['csv', 'excel', 'json'], prefix = 'output-'
2025-09-10 07:46:17 | INFO | __main__:178 | Created prefixed folder: C:\Repos\datafun-02-automation\prefixes\output-csv
2025-09-10 07:46:17.950 | INFO     | __main__:create_prefixed_folders_using_list_comprehension:178 - Created prefixed folder: C:\Repos\datafun-02-automation\prefixes\output-csv
2025-09-10 07:46:17 | INFO | __main__:178 | Created prefixed folder: C:\Repos\datafun-02-automation\prefixes\output-excel
2025-09-10 07:46:17.951 | INFO     | __main__:create_prefixed_folders_using_list_comprehension:178 - Created prefixed folder: C:\Repos\datafun-02-automation\prefixes\output-excel
2025-09-10 07:46:17 | INFO | __main__:178 | Created prefixed folder: C:\Repos\datafun-02-automation\prefixes\output-json
2025-09-10 07:46:17.952 | INFO     | __main__:create_prefixed_folders_using_list_comprehension:178 - Created prefixed folder: C:\Repos\datafun-02-automation\prefixes\output-json
2025-09-10 07:46:17 | INFO | __main__:197 | FUNCTION: create_folders_periodically()
2025-09-10 07:46:17.952 | INFO     | __main__:create_folders_periodically:197 - FUNCTION: create_folders_periodically()
2025-09-10 07:46:17 | INFO | __main__:198 | PARAMETER: duration_seconds = 5
2025-09-10 07:46:17.952 | INFO     | __main__:create_folders_periodically:198 - PARAMETER: duration_seconds = 5
2025-09-10 07:46:17 | INFO | __main__:218 | Created folder: C:\Repos\datafun-02-automation\timed\timed_folder_1_1757508377
2025-09-10 07:46:17.954 | INFO     | __main__:create_folders_periodically:218 - Created folder: C:\Repos\datafun-02-automation\timed\timed_folder_1_1757508377
2025-09-10 07:46:17 | INFO | __main__:222 | Waiting 5 seconds before the next folder...
2025-09-10 07:46:17.954 | INFO     | __main__:create_folders_periodically:222 - Waiting 5 seconds before the next folder...
2025-09-10 07:46:22 | INFO | __main__:218 | Created folder: C:\Repos\datafun-02-automation\timed\timed_folder_2_1757508382
2025-09-10 07:46:22.956 | INFO     | __main__:create_folders_periodically:218 - Created folder: C:\Repos\datafun-02-automation\timed\timed_folder_2_1757508382
2025-09-10 07:46:22 | INFO | __main__:222 | Waiting 5 seconds before the next folder...
2025-09-10 07:46:22.956 | INFO     | __main__:create_folders_periodically:222 - Waiting 5 seconds before the next folder...
2025-09-10 07:46:27 | INFO | __main__:218 | Created folder: C:\Repos\datafun-02-automation\timed\timed_folder_3_1757508387
2025-09-10 07:46:27.958 | INFO     | __main__:create_folders_periodically:218 - Created folder: C:\Repos\datafun-02-automation\timed\timed_folder_3_1757508387
2025-09-10 07:46:27 | INFO | __main__:222 | Waiting 5 seconds before the next folder...
2025-09-10 07:46:27.958 | INFO     | __main__:create_folders_periodically:222 - Waiting 5 seconds before the next folder...
2025-09-10 07:46:32 | INFO | __main__:218 | Created folder: C:\Repos\datafun-02-automation\timed\timed_folder_4_1757508392
2025-09-10 07:46:32.960 | INFO     | __main__:create_folders_periodically:218 - Created folder: C:\Repos\datafun-02-automation\timed\timed_folder_4_1757508392
2025-09-10 07:46:32 | INFO | __main__:222 | Waiting 5 seconds before the next folder...
2025-09-10 07:46:32.960 | INFO     | __main__:create_folders_periodically:222 - Waiting 5 seconds before the next folder...
2025-09-10 07:46:37 | INFO | __main__:218 | Created folder: C:\Repos\datafun-02-automation\timed\timed_folder_5_1757508397
2025-09-10 07:46:37.961 | INFO     | __main__:create_folders_periodically:218 - Created folder: C:\Repos\datafun-02-automation\timed\timed_folder_5_1757508397
2025-09-10 07:46:37 | INFO | __main__:227 | Created 5 folders periodically
2025-09-10 07:46:37.962 | INFO     | __main__:create_folders_periodically:227 - Created 5 folders periodically
2025-09-10 07:46:37 | INFO | __main__:248 | FUNCTION: create_standardized_folders()
2025-09-10 07:46:37.962 | INFO     | __main__:create_standardized_folders:248 - FUNCTION: create_standardized_folders()
2025-09-10 07:46:37 | INFO | __main__:249 | PARAMETERS: folder_list = ['North America', 'South America', 'Europe', 'Asia', 'Africa', 'Oceania', 'Middle East'], to_lowercase = True, remove_spaces = True
2025-09-10 07:46:37.962 | INFO     | __main__:create_standardized_folders:249 - PARAMETERS: folder_list = ['North America', 'South America', 'Europe', 'Asia', 'Africa', 'Oceania', 'Middle East'], to_lowercase = True, remove_spaces = True
2025-09-10 07:46:37 | INFO | __main__:278 | Create standardized folder: C:\Repos\datafun-02-automation\standardized\northamerica
2025-09-10 07:46:37.963 | INFO     | __main__:create_standardized_folders:278 - Create standardized folder: C:\Repos\datafun-02-automation\standardized\northamerica
2025-09-10 07:46:37 | INFO | __main__:278 | Create standardized folder: C:\Repos\datafun-02-automation\standardized\southamerica
2025-09-10 07:46:37.964 | INFO     | __main__:create_standardized_folders:278 - Create standardized folder: C:\Repos\datafun-02-automation\standardized\southamerica
2025-09-10 07:46:37 | INFO | __main__:278 | Create standardized folder: C:\Repos\datafun-02-automation\standardized\europe
2025-09-10 07:46:37.965 | INFO     | __main__:create_standardized_folders:278 - Create standardized folder: C:\Repos\datafun-02-automation\standardized\europe
2025-09-10 07:46:37 | INFO | __main__:278 | Create standardized folder: C:\Repos\datafun-02-automation\standardized\asia
2025-09-10 07:46:37.965 | INFO     | __main__:create_standardized_folders:278 - Create standardized folder: C:\Repos\datafun-02-automation\standardized\asia
2025-09-10 07:46:37 | INFO | __main__:278 | Create standardized folder: C:\Repos\datafun-02-automation\standardized\africa
2025-09-10 07:46:37.966 | INFO     | __main__:create_standardized_folders:278 - Create standardized folder: C:\Repos\datafun-02-automation\standardized\africa
2025-09-10 07:46:37 | INFO | __main__:278 | Create standardized folder: C:\Repos\datafun-02-automation\standardized\oceania
2025-09-10 07:46:37.966 | INFO     | __main__:create_standardized_folders:278 - Create standardized folder: C:\Repos\datafun-02-automation\standardized\oceania
2025-09-10 07:46:37 | INFO | __main__:278 | Create standardized folder: C:\Repos\datafun-02-automation\standardized\middleeast
2025-09-10 07:46:37.967 | INFO     | __main__:create_standardized_folders:278 - Create standardized folder: C:\Repos\datafun-02-automation\standardized\middleeast
2025-09-10 07:46:37 | INFO | __main__:314 | 
#####################################
2025-09-10 07:46:37.967 | INFO     | __main__:main:314 - 
#####################################
2025-09-10 07:46:37 | INFO | __main__:315 | # Completed execution of main()
2025-09-10 07:46:37.967 | INFO     | __main__:main:315 - # Completed execution of main()
2025-09-10 07:46:37 | INFO | __main__:316 | #####################################
2025-09-10 07:46:37.967 | INFO     | __main__:main:316 - #####################################
2025-09-10 07:48:34 | INFO | utils_chrisbraun:47 | Logger loaded.
2025-09-10 07:48:34 | INFO | __main__:39 | Logger loaded.
2025-09-10 07:48:34.357 | INFO     | __main__:<module>:39 - Logger loaded.
2025-09-10 07:48:34 | INFO | __main__:289 | #####################################
2025-09-10 07:48:34.357 | INFO     | __main__:main:289 - #####################################
2025-09-10 07:48:34 | INFO | __main__:290 | # Starting execution of main()
2025-09-10 07:48:34.357 | INFO     | __main__:main:290 - # Starting execution of main()
2025-09-10 07:48:34 | INFO | __main__:291 | #####################################

2025-09-10 07:48:34.357 | INFO     | __main__:main:291 - #####################################

2025-09-10 07:48:34 | INFO | __main__:293 | Byline: 
**********************************************************
Braun Data Concepts — Project Header
**********************************************************
Author:                     Chris Braun
Motto:                      Precise. Timely. Useful.
Years Active:               5
Accepting New Clients?:     True
Is Hiring?                  False
Number of Employees         25
Number of Offices?          3
Office Locations?           ['Humphrey, NE', 'Norfolk, NE', 'Columbus, NE']
Remote Workshops?:          True
Services:                   ['Data Analysis', 'Machine Learning', 'Business Intelligence']
Client Satisfaction Scores: [4.8, 4.6, 4.9, 5.0, 4.7]
Minimum Satisfaction Score: 4.6
Maximum Satisfaction Score: 5.0
Mean Satisfaction Score:    4.80
     Standard Deviation:    0.16
**********************************************************

2025-09-10 07:48:34.357 | INFO     | __main__:main:293 - Byline: 
**********************************************************
Braun Data Concepts — Project Header
**********************************************************
Author:                     Chris Braun
Motto:                      Precise. Timely. Useful.
Years Active:               5
Accepting New Clients?:     True
Is Hiring?                  False
Number of Employees         25
Number of Offices?          3
Office Locations?           ['Humphrey, NE', 'Norfolk, NE', 'Columbus, NE']
Remote Workshops?:          True
Services:                   ['Data Analysis', 'Machine Learning', 'Business Intelligence']
Client Satisfaction Scores: [4.8, 4.6, 4.9, 5.0, 4.7]
Minimum Satisfaction Score: 4.6
Maximum Satisfaction Score: 5.0
Mean Satisfaction Score:    4.80
     Standard Deviation:    0.16
**********************************************************

2025-09-10 07:48:34 | INFO | __main__:80 | FUNCTION: create_folders_for_range()
2025-09-10 07:48:34.358 | INFO     | __main__:create_folders_for_range:80 - FUNCTION: create_folders_for_range()
2025-09-10 07:48:34 | INFO | __main__:81 | PARAMETERS: start_year = 2020, end_year = 2023
2025-09-10 07:48:34.358 | INFO     | __main__:create_folders_for_range:81 - PARAMETERS: start_year = 2020, end_year = 2023
2025-09-10 07:48:34 | INFO | __main__:92 | Created folder: C:\Repos\datafun-02-automation\years\2020
2025-09-10 07:48:34.359 | INFO     | __main__:create_folders_for_range:92 - Created folder: C:\Repos\datafun-02-automation\years\2020
2025-09-10 07:48:34 | INFO | __main__:92 | Created folder: C:\Repos\datafun-02-automation\years\2021
2025-09-10 07:48:34.359 | INFO     | __main__:create_folders_for_range:92 - Created folder: C:\Repos\datafun-02-automation\years\2021
2025-09-10 07:48:34 | INFO | __main__:92 | Created folder: C:\Repos\datafun-02-automation\years\2022
2025-09-10 07:48:34.360 | INFO     | __main__:create_folders_for_range:92 - Created folder: C:\Repos\datafun-02-automation\years\2022
2025-09-10 07:48:34 | INFO | __main__:92 | Created folder: C:\Repos\datafun-02-automation\years\2023
2025-09-10 07:48:34.360 | INFO     | __main__:create_folders_for_range:92 - Created folder: C:\Repos\datafun-02-automation\years\2023
2025-09-10 07:48:34 | INFO | __main__:111 | FUNCTION: create_folders_from_list()
2025-09-10 07:48:34.360 | INFO     | __main__:create_folders_from_list:111 - FUNCTION: create_folders_from_list()
2025-09-10 07:48:34 | INFO | __main__:112 | PARAMETER: folder_list = ['data-csv', 'data-excel', 'data-json']
2025-09-10 07:48:34.361 | INFO     | __main__:create_folders_from_list:112 - PARAMETER: folder_list = ['data-csv', 'data-excel', 'data-json']
2025-09-10 07:48:34 | INFO | __main__:113 | PARAMETER: force_lowercase = False
2025-09-10 07:48:34.361 | INFO     | __main__:create_folders_from_list:113 - PARAMETER: force_lowercase = False
2025-09-10 07:48:34 | INFO | __main__:114 | PARAMETER: remove_spaces = False
2025-09-10 07:48:34.361 | INFO     | __main__:create_folders_from_list:114 - PARAMETER: remove_spaces = False
2025-09-10 07:48:34 | INFO | __main__:140 | Created folder: C:\Repos\datafun-02-automation\names\data-csv
2025-09-10 07:48:34.362 | INFO     | __main__:create_folders_from_list:140 - Created folder: C:\Repos\datafun-02-automation\names\data-csv
2025-09-10 07:48:34 | INFO | __main__:140 | Created folder: C:\Repos\datafun-02-automation\names\data-excel
2025-09-10 07:48:34.362 | INFO     | __main__:create_folders_from_list:140 - Created folder: C:\Repos\datafun-02-automation\names\data-excel
2025-09-10 07:48:34 | INFO | __main__:140 | Created folder: C:\Repos\datafun-02-automation\names\data-json
2025-09-10 07:48:34.363 | INFO     | __main__:create_folders_from_list:140 - Created folder: C:\Repos\datafun-02-automation\names\data-json
2025-09-10 07:48:34 | INFO | __main__:164 | FUNCTION: create_prefixed_folders()
2025-09-10 07:48:34.363 | INFO     | __main__:create_prefixed_folders_using_list_comprehension:164 - FUNCTION: create_prefixed_folders()
2025-09-10 07:48:34 | INFO | __main__:165 | PARAMETERS: folder_list = ['csv', 'excel', 'json'], prefix = 'output-'
2025-09-10 07:48:34.363 | INFO     | __main__:create_prefixed_folders_using_list_comprehension:165 - PARAMETERS: folder_list = ['csv', 'excel', 'json'], prefix = 'output-'
2025-09-10 07:48:34 | INFO | __main__:178 | Created prefixed folder: C:\Repos\datafun-02-automation\prefixes\output-csv
2025-09-10 07:48:34.364 | INFO     | __main__:create_prefixed_folders_using_list_comprehension:178 - Created prefixed folder: C:\Repos\datafun-02-automation\prefixes\output-csv
2025-09-10 07:48:34 | INFO | __main__:178 | Created prefixed folder: C:\Repos\datafun-02-automation\prefixes\output-excel
2025-09-10 07:48:34.365 | INFO     | __main__:create_prefixed_folders_using_list_comprehension:178 - Created prefixed folder: C:\Repos\datafun-02-automation\prefixes\output-excel
2025-09-10 07:48:34 | INFO | __main__:178 | Created prefixed folder: C:\Repos\datafun-02-automation\prefixes\output-json
2025-09-10 07:48:34.365 | INFO     | __main__:create_prefixed_folders_using_list_comprehension:178 - Created prefixed folder: C:\Repos\datafun-02-automation\prefixes\output-json
2025-09-10 07:48:34 | INFO | __main__:197 | FUNCTION: create_folders_periodically()
2025-09-10 07:48:34.366 | INFO     | __main__:create_folders_periodically:197 - FUNCTION: create_folders_periodically()
2025-09-10 07:48:34 | INFO | __main__:198 | PARAMETER: duration_seconds = 5
2025-09-10 07:48:34.366 | INFO     | __main__:create_folders_periodically:198 - PARAMETER: duration_seconds = 5
2025-09-10 07:48:34 | INFO | __main__:218 | Created folder: C:\Repos\datafun-02-automation\timed\timed_folder_1_1757508514
2025-09-10 07:48:34.367 | INFO     | __main__:create_folders_periodically:218 - Created folder: C:\Repos\datafun-02-automation\timed\timed_folder_1_1757508514
2025-09-10 07:48:34 | INFO | __main__:222 | Waiting 5 seconds before the next folder...
2025-09-10 07:48:34.367 | INFO     | __main__:create_folders_periodically:222 - Waiting 5 seconds before the next folder...
2025-09-10 07:48:39 | INFO | __main__:218 | Created folder: C:\Repos\datafun-02-automation\timed\timed_folder_2_1757508519
2025-09-10 07:48:39.369 | INFO     | __main__:create_folders_periodically:218 - Created folder: C:\Repos\datafun-02-automation\timed\timed_folder_2_1757508519
2025-09-10 07:48:39 | INFO | __main__:222 | Waiting 5 seconds before the next folder...
2025-09-10 07:48:39.369 | INFO     | __main__:create_folders_periodically:222 - Waiting 5 seconds before the next folder...
2025-09-10 07:48:44 | INFO | __main__:218 | Created folder: C:\Repos\datafun-02-automation\timed\timed_folder_3_1757508524
2025-09-10 07:48:44.370 | INFO     | __main__:create_folders_periodically:218 - Created folder: C:\Repos\datafun-02-automation\timed\timed_folder_3_1757508524
2025-09-10 07:48:44 | INFO | __main__:222 | Waiting 5 seconds before the next folder...
2025-09-10 07:48:44.370 | INFO     | __main__:create_folders_periodically:222 - Waiting 5 seconds before the next folder...
2025-09-10 07:48:49 | INFO | __main__:218 | Created folder: C:\Repos\datafun-02-automation\timed\timed_folder_4_1757508529
2025-09-10 07:48:49.373 | INFO     | __main__:create_folders_periodically:218 - Created folder: C:\Repos\datafun-02-automation\timed\timed_folder_4_1757508529
2025-09-10 07:48:49 | INFO | __main__:222 | Waiting 5 seconds before the next folder...
2025-09-10 07:48:49.373 | INFO     | __main__:create_folders_periodically:222 - Waiting 5 seconds before the next folder...
2025-09-10 07:48:54 | INFO | __main__:218 | Created folder: C:\Repos\datafun-02-automation\timed\timed_folder_5_1757508534
2025-09-10 07:48:54.375 | INFO     | __main__:create_folders_periodically:218 - Created folder: C:\Repos\datafun-02-automation\timed\timed_folder_5_1757508534
2025-09-10 07:48:54 | INFO | __main__:227 | Created 5 folders periodically
2025-09-10 07:48:54.375 | INFO     | __main__:create_folders_periodically:227 - Created 5 folders periodically
2025-09-10 07:48:54 | INFO | __main__:248 | FUNCTION: create_standardized_folders()
2025-09-10 07:48:54.375 | INFO     | __main__:create_standardized_folders:248 - FUNCTION: create_standardized_folders()
2025-09-10 07:48:54 | INFO | __main__:249 | PARAMETERS: folder_list = ['North America', 'South America', 'Europe', 'Asia', 'Africa', 'Oceania', 'Middle East'], to_lowercase = True, remove_spaces = True
2025-09-10 07:48:54.376 | INFO     | __main__:create_standardized_folders:249 - PARAMETERS: folder_list = ['North America', 'South America', 'Europe', 'Asia', 'Africa', 'Oceania', 'Middle East'], to_lowercase = True, remove_spaces = True
2025-09-10 07:48:54 | INFO | __main__:278 | Create standardized folder: C:\Repos\datafun-02-automation\standardized\northamerica
2025-09-10 07:48:54.377 | INFO     | __main__:create_standardized_folders:278 - Create standardized folder: C:\Repos\datafun-02-automation\standardized\northamerica
2025-09-10 07:48:54 | INFO | __main__:278 | Create standardized folder: C:\Repos\datafun-02-automation\standardized\southamerica
2025-09-10 07:48:54.378 | INFO     | __main__:create_standardized_folders:278 - Create standardized folder: C:\Repos\datafun-02-automation\standardized\southamerica
2025-09-10 07:48:54 | INFO | __main__:278 | Create standardized folder: C:\Repos\datafun-02-automation\standardized\europe
2025-09-10 07:48:54.379 | INFO     | __main__:create_standardized_folders:278 - Create standardized folder: C:\Repos\datafun-02-automation\standardized\europe
2025-09-10 07:48:54 | INFO | __main__:278 | Create standardized folder: C:\Repos\datafun-02-automation\standardized\asia
2025-09-10 07:48:54.379 | INFO     | __main__:create_standardized_folders:278 - Create standardized folder: C:\Repos\datafun-02-automation\standardized\asia
2025-09-10 07:48:54 | INFO | __main__:278 | Create standardized folder: C:\Repos\datafun-02-automation\standardized\africa
2025-09-10 07:48:54.380 | INFO     | __main__:create_standardized_folders:278 - Create standardized folder: C:\Repos\datafun-02-automation\standardized\africa
2025-09-10 07:48:54 | INFO | __main__:278 | Create standardized folder: C:\Repos\datafun-02-automation\standardized\oceania
2025-09-10 07:48:54.380 | INFO     | __main__:create_standardized_folders:278 - Create standardized folder: C:\Repos\datafun-02-automation\standardized\oceania
2025-09-10 07:48:54 | INFO | __main__:278 | Create standardized folder: C:\Repos\datafun-02-automation\standardized\middleeast
2025-09-10 07:48:54.381 | INFO     | __main__:create_standardized_folders:278 - Create standardized folder: C:\Repos\datafun-02-automation\standardized\middleeast
2025-09-10 07:48:54 | INFO | __main__:314 | 
#####################################
2025-09-10 07:48:54.381 | INFO     | __main__:main:314 - 
#####################################
2025-09-10 07:48:54 | INFO | __main__:315 | # Completed execution of main()
2025-09-10 07:48:54.381 | INFO     | __main__:main:315 - # Completed execution of main()
2025-09-10 07:48:54 | INFO | __main__:316 | #####################################
2025-09-10 07:48:54.382 | INFO     | __main__:main:316 - #####################################
